c:\users\usuario\desktop\proyecto final\supermercado_final\supermercado_final\x64\release\vc143.pdb
c:\users\usuario\desktop\proyecto final\supermercado_final\supermercado_final\x64\release\supermercado_final.obj
c:\users\usuario\desktop\proyecto final\supermercado_final\supermercado_final\x64\release\persona.obj
c:\users\usuario\desktop\proyecto final\supermercado_final\supermercado_final\x64\release\empleado.obj
c:\users\usuario\desktop\proyecto final\supermercado_final\supermercado_final\x64\release\cliente.obj
c:\users\usuario\desktop\proyecto final\supermercado_final\supermercado_final\x64\release\venta.obj
c:\users\usuario\desktop\proyecto final\supermercado_final\supermercado_final\x64\release\puesto.obj
c:\users\usuario\desktop\proyecto final\supermercado_final\supermercado_final\x64\release\conexionbd.obj
c:\users\usuario\desktop\proyecto final\supermercado_final\supermercado_final\x64\release\proveedor.obj
c:\users\usuario\desktop\proyecto final\supermercado_final\supermercado_final\x64\release\venta_detalle.obj
c:\users\usuario\desktop\proyecto final\supermercado_final\supermercado_final\x64\release\compra_detalle.obj
c:\users\usuario\desktop\proyecto final\supermercado_final\supermercado_final\x64\release\cantidad.obj
c:\users\usuario\desktop\proyecto final\supermercado_final\supermercado_final\x64\release\producto.obj
c:\users\usuario\desktop\proyecto final\supermercado_final\supermercado_final\x64\release\marca.obj
c:\users\usuario\desktop\proyecto final\supermercado_final\supermercado_final\x64\release\compra.obj
c:\users\usuario\desktop\proyecto final\supermercado_final\x64\release\supermercado_final.exe
c:\users\usuario\desktop\proyecto final\supermercado_final\supermercado_final\x64\release\supermercado_final.ipdb
c:\users\usuario\desktop\proyecto final\supermercado_final\x64\release\supermercado_final.pdb
c:\users\usuario\desktop\proyecto final\supermercado_final\supermercado_final\x64\release\supermercado_final.iobj
c:\users\usuario\desktop\proyecto final\supermercado_final\supermercado_final\x64\release\cdetalle.obj
c:\users\usuario\desktop\proyecto final\supermercado_final\supermercado_final\x64\release\vdetalle.obj
c:\users\usuario\desktop\proyecto final\supermercado_final\supermercado_final\x64\release\supermer.2de56e96.tlog\cl.command.1.tlog
c:\users\usuario\desktop\proyecto final\supermercado_final\supermercado_final\x64\release\supermer.2de56e96.tlog\cl.read.1.tlog
c:\users\usuario\desktop\proyecto final\supermercado_final\supermercado_final\x64\release\supermer.2de56e96.tlog\cl.write.1.tlog
c:\users\usuario\desktop\proyecto final\supermercado_final\supermercado_final\x64\release\supermer.2de56e96.tlog\link.command.1.tlog
c:\users\usuario\desktop\proyecto final\supermercado_final\supermercado_final\x64\release\supermer.2de56e96.tlog\link.read.1.tlog
c:\users\usuario\desktop\proyecto final\supermercado_final\supermercado_final\x64\release\supermer.2de56e96.tlog\link.write.1.tlog
